2013/11/27 10:05:54 [debug] 4709#0: *113 [lua] httper.lua:704: run(): httpcache run
2013/11/27 10:05:54 [debug] 4709#0: *113 [lua] httper.lua:426: e(): #e: init
2013/11/27 10:05:54 [debug] 4709#0: *113 [lua] httper.lua:416: #t: connecting_to_redis
2013/11/27 10:05:54 [debug] 4709#0: *113 [lua] httper.lua:426: #e: redis_connected
2013/11/27 10:05:54 [debug] 4709#0: *113 [lua] httper.lua:416: #t: checking_method
2013/11/27 10:05:54 [debug] 4709#0: *113 [lua] httper.lua:426: #e: cacheable_method
2013/11/27 10:05:54 [debug] 4709#0: *113 [lua] httper.lua:416: #t: checking_request
2013/11/27 10:05:54 [debug] 4709#0: *113 [lua] httper.lua:426: #e: cache_accepted
2013/11/27 10:05:54 [debug] 4709#0: *113 [lua] httper.lua:411: #a: ->pre_transitions[checking_cache]->read_cache
2013/11/27 10:05:54 [debug] 4709#0: *113 [lua] httper.lua:416: #t: checking_cache
2013/11/27 10:05:54 [debug] 4709#0: *113 [lua] httper.lua:426: #e: cache_valid
2013/11/27 10:05:54 [debug] 4709#0: *113 [lua] httper.lua:416: #t: considering_revalidation
2013/11/27 10:05:54 [debug] 4709#0: *113 [lua] httper.lua:426: #e: can_revalidate_locally
2013/11/27 10:05:54 [debug] 4709#0: *113 [lua] httper.lua:416: #t: revalidating_locally
2013/11/27 10:05:54 [debug] 4709#0: *113 [lua] httper.lua:426: #e: not_modified
2013/11/27 10:05:54 [debug] 4709#0: *113 [lua] httper.lua:416: #t: preparing_response
2013/11/27 10:05:54 [debug] 4709#0: *113 [lua] httper.lua:426: #e: response_ready
2013/11/27 10:05:54 [debug] 4709#0: *113 [lua] httper.lua:447: #a: set_http_not_modified
2013/11/27 10:05:54 [debug] 4709#0: *113 [lua] httper.lua:416: #t: serving
2013/11/27 10:05:54 [debug] 4709#0: *113 [lua] httper.lua:426: #e: served
2013/11/27 10:05:54 [debug] 4709#0: *113 [lua] httper.lua:411: #a: ->pre_transitions[exiting]->redis_close
2013/11/27 10:05:54 [debug] 4709#0: *113 [lua] httper.lua:416: #t: exiting
2013/11/27 10:05:54 [debug] 4709#0: *113 [lua] httper.lua:704: run(): httpcache run
2013/11/27 10:05:54 [debug] 4709#0: *113 [lua] httper.lua:426: e(): #e: init
2013/11/27 10:05:54 [debug] 4709#0: *113 [lua] httper.lua:416: #t: connecting_to_redis
2013/11/27 10:05:54 [debug] 4709#0: *113 [lua] httper.lua:426: #e: redis_connected
2013/11/27 10:05:54 [debug] 4709#0: *113 [lua] httper.lua:416: #t: checking_method
2013/11/27 10:05:54 [debug] 4709#0: *113 [lua] httper.lua:426: #e: cacheable_method
2013/11/27 10:05:54 [debug] 4709#0: *113 [lua] httper.lua:416: #t: checking_request
2013/11/27 10:05:54 [debug] 4709#0: *113 [lua] httper.lua:426: #e: cache_accepted
2013/11/27 10:05:54 [debug] 4709#0: *113 [lua] httper.lua:411: #a: ->pre_transitions[checking_cache]->read_cache
2013/11/27 10:05:54 [debug] 4709#0: *115 [lua] httper.lua:704: run(): httpcache run
2013/11/27 10:05:54 [debug] 4709#0: *115 [lua] httper.lua:426: e(): #e: init
2013/11/27 10:05:54 [debug] 4709#0: *115 [lua] httper.lua:416: #t: connecting_to_redis
2013/11/27 10:05:54 [debug] 4709#0: *115 [lua] httper.lua:426: #e: redis_connected
2013/11/27 10:05:54 [debug] 4709#0: *115 [lua] httper.lua:416: #t: checking_method
2013/11/27 10:05:54 [debug] 4709#0: *115 [lua] httper.lua:426: #e: cacheable_method
2013/11/27 10:05:54 [debug] 4709#0: *115 [lua] httper.lua:416: #t: checking_request
2013/11/27 10:05:54 [debug] 4709#0: *115 [lua] httper.lua:426: #e: cache_accepted
2013/11/27 10:05:54 [debug] 4709#0: *115 [lua] httper.lua:411: #a: ->pre_transitions[checking_cache]->read_cache
2013/11/27 10:05:54 [debug] 4709#0: *116 [lua] httper.lua:704: run(): httpcache run
2013/11/27 10:05:54 [debug] 4709#0: *116 [lua] httper.lua:426: e(): #e: init
2013/11/27 10:05:54 [debug] 4709#0: *116 [lua] httper.lua:416: #t: connecting_to_redis
2013/11/27 10:05:54 [debug] 4709#0: *116 [lua] httper.lua:426: #e: redis_connected
2013/11/27 10:05:54 [debug] 4709#0: *116 [lua] httper.lua:416: #t: checking_method
2013/11/27 10:05:54 [debug] 4709#0: *116 [lua] httper.lua:426: #e: cacheable_method
2013/11/27 10:05:54 [debug] 4709#0: *116 [lua] httper.lua:416: #t: checking_request
2013/11/27 10:05:54 [debug] 4709#0: *116 [lua] httper.lua:426: #e: cache_accepted
2013/11/27 10:05:54 [debug] 4709#0: *116 [lua] httper.lua:411: #a: ->pre_transitions[checking_cache]->read_cache
2013/11/27 10:05:54 [debug] 4709#0: *113 [lua] httper.lua:416: #t: checking_cache
2013/11/27 10:05:54 [debug] 4709#0: *113 [lua] httper.lua:426: #e: cache_valid
2013/11/27 10:05:54 [debug] 4709#0: *113 [lua] httper.lua:416: #t: considering_revalidation
2013/11/27 10:05:54 [debug] 4709#0: *113 [lua] httper.lua:426: #e: can_revalidate_locally
2013/11/27 10:05:54 [debug] 4709#0: *113 [lua] httper.lua:416: #t: revalidating_locally
2013/11/27 10:05:54 [debug] 4709#0: *113 [lua] httper.lua:426: #e: not_modified
2013/11/27 10:05:54 [debug] 4709#0: *113 [lua] httper.lua:416: #t: preparing_response
2013/11/27 10:05:54 [debug] 4709#0: *113 [lua] httper.lua:426: #e: response_ready
2013/11/27 10:05:54 [debug] 4709#0: *113 [lua] httper.lua:447: #a: set_http_not_modified
2013/11/27 10:05:54 [debug] 4709#0: *113 [lua] httper.lua:416: #t: serving
2013/11/27 10:05:54 [debug] 4709#0: *113 [lua] httper.lua:426: #e: served
2013/11/27 10:05:54 [debug] 4709#0: *113 [lua] httper.lua:411: #a: ->pre_transitions[exiting]->redis_close
2013/11/27 10:05:54 [debug] 4709#0: *113 [lua] httper.lua:416: #t: exiting
2013/11/27 10:05:54 [debug] 4709#0: *118 [lua] httper.lua:704: run(): httpcache run
2013/11/27 10:05:54 [debug] 4709#0: *118 [lua] httper.lua:426: e(): #e: init
2013/11/27 10:05:54 [debug] 4709#0: *118 [lua] httper.lua:416: #t: connecting_to_redis
2013/11/27 10:05:54 [debug] 4709#0: *118 [lua] httper.lua:426: #e: redis_connected
2013/11/27 10:05:54 [debug] 4709#0: *118 [lua] httper.lua:416: #t: checking_method
2013/11/27 10:05:54 [debug] 4709#0: *118 [lua] httper.lua:426: #e: cacheable_method
2013/11/27 10:05:54 [debug] 4709#0: *118 [lua] httper.lua:416: #t: checking_request
2013/11/27 10:05:54 [debug] 4709#0: *118 [lua] httper.lua:426: #e: cache_accepted
2013/11/27 10:05:54 [debug] 4709#0: *118 [lua] httper.lua:411: #a: ->pre_transitions[checking_cache]->read_cache
2013/11/27 10:05:54 [debug] 4709#0: *113 [lua] httper.lua:704: run(): httpcache run
2013/11/27 10:05:54 [debug] 4709#0: *113 [lua] httper.lua:426: e(): #e: init
2013/11/27 10:05:54 [debug] 4709#0: *113 [lua] httper.lua:416: #t: connecting_to_redis
2013/11/27 10:05:54 [debug] 4709#0: *116 [lua] httper.lua:416: #t: checking_cache
2013/11/27 10:05:54 [debug] 4709#0: *116 [lua] httper.lua:426: #e: cache_valid
2013/11/27 10:05:54 [debug] 4709#0: *116 [lua] httper.lua:416: #t: considering_revalidation
2013/11/27 10:05:54 [debug] 4709#0: *116 [lua] httper.lua:426: #e: can_revalidate_locally
2013/11/27 10:05:54 [debug] 4709#0: *116 [lua] httper.lua:416: #t: revalidating_locally
2013/11/27 10:05:54 [debug] 4709#0: *116 [lua] httper.lua:426: #e: not_modified
2013/11/27 10:05:54 [debug] 4709#0: *116 [lua] httper.lua:416: #t: preparing_response
2013/11/27 10:05:54 [debug] 4709#0: *116 [lua] httper.lua:426: #e: response_ready
2013/11/27 10:05:54 [debug] 4709#0: *116 [lua] httper.lua:447: #a: set_http_not_modified
2013/11/27 10:05:54 [debug] 4709#0: *116 [lua] httper.lua:416: #t: serving
2013/11/27 10:05:54 [debug] 4709#0: *116 [lua] httper.lua:426: #e: served
2013/11/27 10:05:54 [debug] 4709#0: *116 [lua] httper.lua:411: #a: ->pre_transitions[exiting]->redis_close
2013/11/27 10:05:54 [debug] 4709#0: *116 [lua] httper.lua:416: #t: exiting
2013/11/27 10:05:54 [debug] 4709#0: *115 [lua] httper.lua:416: #t: checking_cache
2013/11/27 10:05:54 [debug] 4709#0: *115 [lua] httper.lua:426: #e: cache_valid
2013/11/27 10:05:54 [debug] 4709#0: *115 [lua] httper.lua:416: #t: considering_revalidation
2013/11/27 10:05:54 [debug] 4709#0: *115 [lua] httper.lua:426: #e: can_revalidate_locally
2013/11/27 10:05:54 [debug] 4709#0: *115 [lua] httper.lua:416: #t: revalidating_locally
2013/11/27 10:05:54 [debug] 4709#0: *115 [lua] httper.lua:426: #e: not_modified
2013/11/27 10:05:54 [debug] 4709#0: *115 [lua] httper.lua:416: #t: preparing_response
2013/11/27 10:05:54 [debug] 4709#0: *115 [lua] httper.lua:426: #e: response_ready
2013/11/27 10:05:54 [debug] 4709#0: *115 [lua] httper.lua:447: #a: set_http_not_modified
2013/11/27 10:05:54 [debug] 4709#0: *115 [lua] httper.lua:416: #t: serving
2013/11/27 10:05:54 [debug] 4709#0: *115 [lua] httper.lua:426: #e: served
2013/11/27 10:05:54 [debug] 4709#0: *115 [lua] httper.lua:411: #a: ->pre_transitions[exiting]->redis_close
2013/11/27 10:05:54 [debug] 4709#0: *115 [lua] httper.lua:416: #t: exiting
2013/11/27 10:05:54 [debug] 4709#0: *120 [lua] httper.lua:704: run(): httpcache run
2013/11/27 10:05:54 [debug] 4709#0: *120 [lua] httper.lua:426: e(): #e: init
2013/11/27 10:05:54 [debug] 4709#0: *120 [lua] httper.lua:416: #t: connecting_to_redis
2013/11/27 10:05:54 [debug] 4709#0: *120 [lua] httper.lua:426: #e: redis_connected
2013/11/27 10:05:54 [debug] 4709#0: *120 [lua] httper.lua:416: #t: checking_method
2013/11/27 10:05:54 [debug] 4709#0: *120 [lua] httper.lua:426: #e: cacheable_method
2013/11/27 10:05:54 [debug] 4709#0: *120 [lua] httper.lua:416: #t: checking_request
2013/11/27 10:05:54 [debug] 4709#0: *120 [lua] httper.lua:426: #e: cache_accepted
2013/11/27 10:05:54 [debug] 4709#0: *120 [lua] httper.lua:411: #a: ->pre_transitions[checking_cache]->read_cache
2013/11/27 10:05:54 [debug] 4709#0: *118 [lua] httper.lua:416: #t: checking_cache
2013/11/27 10:05:54 [debug] 4709#0: *118 [lua] httper.lua:426: #e: cache_valid
2013/11/27 10:05:54 [debug] 4709#0: *118 [lua] httper.lua:416: #t: considering_revalidation
2013/11/27 10:05:54 [debug] 4709#0: *118 [lua] httper.lua:426: #e: can_revalidate_locally
2013/11/27 10:05:54 [debug] 4709#0: *118 [lua] httper.lua:416: #t: revalidating_locally
2013/11/27 10:05:54 [debug] 4709#0: *118 [lua] httper.lua:426: #e: not_modified
2013/11/27 10:05:54 [debug] 4709#0: *118 [lua] httper.lua:416: #t: preparing_response
2013/11/27 10:05:54 [debug] 4709#0: *118 [lua] httper.lua:426: #e: response_ready
2013/11/27 10:05:54 [debug] 4709#0: *118 [lua] httper.lua:447: #a: set_http_not_modified
2013/11/27 10:05:54 [debug] 4709#0: *118 [lua] httper.lua:416: #t: serving
2013/11/27 10:05:54 [debug] 4709#0: *118 [lua] httper.lua:426: #e: served
2013/11/27 10:05:54 [debug] 4709#0: *118 [lua] httper.lua:411: #a: ->pre_transitions[exiting]->redis_close
2013/11/27 10:05:54 [debug] 4709#0: *118 [lua] httper.lua:416: #t: exiting
2013/11/27 10:05:54 [debug] 4709#0: *113 [lua] httper.lua:426: #e: redis_connected
2013/11/27 10:05:54 [debug] 4709#0: *113 [lua] httper.lua:416: #t: checking_method
2013/11/27 10:05:54 [debug] 4709#0: *113 [lua] httper.lua:426: #e: cacheable_method
2013/11/27 10:05:54 [debug] 4709#0: *113 [lua] httper.lua:416: #t: checking_request
2013/11/27 10:05:54 [debug] 4709#0: *113 [lua] httper.lua:426: #e: cache_accepted
2013/11/27 10:05:54 [debug] 4709#0: *113 [lua] httper.lua:411: #a: ->pre_transitions[checking_cache]->read_cache
2013/11/27 10:05:54 [debug] 4709#0: *121 [lua] httper.lua:704: run(): httpcache run
2013/11/27 10:05:54 [debug] 4709#0: *121 [lua] httper.lua:426: e(): #e: init
2013/11/27 10:05:54 [debug] 4709#0: *121 [lua] httper.lua:416: #t: connecting_to_redis
2013/11/27 10:05:54 [debug] 4709#0: *121 [lua] httper.lua:426: #e: redis_connected
2013/11/27 10:05:54 [debug] 4709#0: *121 [lua] httper.lua:416: #t: checking_method
2013/11/27 10:05:54 [debug] 4709#0: *121 [lua] httper.lua:426: #e: cacheable_method
2013/11/27 10:05:54 [debug] 4709#0: *121 [lua] httper.lua:416: #t: checking_request
2013/11/27 10:05:54 [debug] 4709#0: *121 [lua] httper.lua:426: #e: cache_accepted
2013/11/27 10:05:54 [debug] 4709#0: *121 [lua] httper.lua:411: #a: ->pre_transitions[checking_cache]->read_cache
2013/11/27 10:05:54 [debug] 4709#0: *121 [lua] httper.lua:416: #t: checking_cache
2013/11/27 10:05:54 [debug] 4709#0: *121 [lua] httper.lua:426: #e: cache_valid
2013/11/27 10:05:54 [debug] 4709#0: *121 [lua] httper.lua:416: #t: considering_revalidation
2013/11/27 10:05:54 [debug] 4709#0: *121 [lua] httper.lua:426: #e: can_revalidate_locally
2013/11/27 10:05:54 [debug] 4709#0: *121 [lua] httper.lua:416: #t: revalidating_locally
2013/11/27 10:05:54 [debug] 4709#0: *121 [lua] httper.lua:426: #e: not_modified
2013/11/27 10:05:54 [debug] 4709#0: *121 [lua] httper.lua:416: #t: preparing_response
2013/11/27 10:05:54 [debug] 4709#0: *121 [lua] httper.lua:426: #e: response_ready
2013/11/27 10:05:54 [debug] 4709#0: *121 [lua] httper.lua:447: #a: set_http_not_modified
2013/11/27 10:05:54 [debug] 4709#0: *121 [lua] httper.lua:416: #t: serving
2013/11/27 10:05:54 [debug] 4709#0: *121 [lua] httper.lua:426: #e: served
2013/11/27 10:05:54 [debug] 4709#0: *121 [lua] httper.lua:411: #a: ->pre_transitions[exiting]->redis_close
2013/11/27 10:05:54 [debug] 4709#0: *121 [lua] httper.lua:416: #t: exiting
2013/11/27 10:05:54 [debug] 4709#0: *113 [lua] httper.lua:416: #t: checking_cache
2013/11/27 10:05:54 [debug] 4709#0: *113 [lua] httper.lua:426: #e: cache_valid
2013/11/27 10:05:54 [debug] 4709#0: *113 [lua] httper.lua:416: #t: considering_revalidation
2013/11/27 10:05:54 [debug] 4709#0: *113 [lua] httper.lua:426: #e: can_revalidate_locally
2013/11/27 10:05:54 [debug] 4709#0: *113 [lua] httper.lua:416: #t: revalidating_locally
2013/11/27 10:05:54 [debug] 4709#0: *113 [lua] httper.lua:426: #e: not_modified
2013/11/27 10:05:54 [debug] 4709#0: *113 [lua] httper.lua:416: #t: preparing_response
2013/11/27 10:05:54 [debug] 4709#0: *113 [lua] httper.lua:426: #e: response_ready
2013/11/27 10:05:54 [debug] 4709#0: *113 [lua] httper.lua:447: #a: set_http_not_modified
2013/11/27 10:05:54 [debug] 4709#0: *113 [lua] httper.lua:416: #t: serving
2013/11/27 10:05:54 [debug] 4709#0: *113 [lua] httper.lua:426: #e: served
2013/11/27 10:05:54 [debug] 4709#0: *113 [lua] httper.lua:411: #a: ->pre_transitions[exiting]->redis_close
2013/11/27 10:05:54 [debug] 4709#0: *113 [lua] httper.lua:416: #t: exiting
2013/11/27 10:05:54 [debug] 4709#0: *120 [lua] httper.lua:416: #t: checking_cache
2013/11/27 10:05:54 [debug] 4709#0: *120 [lua] httper.lua:426: #e: cache_valid
2013/11/27 10:05:54 [debug] 4709#0: *120 [lua] httper.lua:416: #t: considering_revalidation
2013/11/27 10:05:54 [debug] 4709#0: *120 [lua] httper.lua:426: #e: can_revalidate_locally
2013/11/27 10:05:54 [debug] 4709#0: *120 [lua] httper.lua:416: #t: revalidating_locally
2013/11/27 10:05:54 [debug] 4709#0: *120 [lua] httper.lua:426: #e: not_modified
2013/11/27 10:05:54 [debug] 4709#0: *120 [lua] httper.lua:416: #t: preparing_response
2013/11/27 10:05:54 [debug] 4709#0: *120 [lua] httper.lua:426: #e: response_ready
2013/11/27 10:05:54 [debug] 4709#0: *120 [lua] httper.lua:447: #a: set_http_not_modified
2013/11/27 10:05:54 [debug] 4709#0: *120 [lua] httper.lua:416: #t: serving
2013/11/27 10:05:54 [debug] 4709#0: *120 [lua] httper.lua:426: #e: served
2013/11/27 10:05:54 [debug] 4709#0: *120 [lua] httper.lua:411: #a: ->pre_transitions[exiting]->redis_close
2013/11/27 10:05:54 [debug] 4709#0: *120 [lua] httper.lua:416: #t: exiting
2013/11/27 10:06:33 [info] 4710#0: epoll_wait() failed (4: Interrupted system call)






--misscache

2013/11/27 10:17:29 [info] 4709#0: *131 client 127.0.0.1 closed keepalive connection
2013/11/27 10:17:29 [info] 4709#0: *123 client 127.0.0.1 closed keepalive connection
2013/11/27 10:17:29 [info] 4709#0: *125 client 127.0.0.1 closed keepalive connection
2013/11/27 10:17:29 [info] 4709#0: *126 client 127.0.0.1 closed keepalive connection
2013/11/27 10:17:29 [info] 4709#0: *128 client 127.0.0.1 closed keepalive connection
2013/11/27 10:17:29 [info] 4709#0: *129 client 127.0.0.1 closed keepalive connection
2013/11/27 10:17:29 [debug] 4709#0: *132 [lua] httper.lua:704: run(): httpcache run
2013/11/27 10:17:29 [debug] 4709#0: *132 [lua] httper.lua:426: e(): #e: init
2013/11/27 10:17:29 [debug] 4709#0: *132 [lua] httper.lua:416: #t: connecting_to_redis
2013/11/27 10:17:29 [debug] 4709#0: *132 [lua] httper.lua:426: #e: redis_connected
2013/11/27 10:17:29 [debug] 4709#0: *132 [lua] httper.lua:416: #t: checking_method
2013/11/27 10:17:29 [debug] 4709#0: *132 [lua] httper.lua:426: #e: cacheable_method
2013/11/27 10:17:29 [debug] 4709#0: *132 [lua] httper.lua:416: #t: checking_request
2013/11/27 10:17:29 [debug] 4709#0: *132 [lua] httper.lua:426: #e: cache_accepted
2013/11/27 10:17:29 [debug] 4709#0: *132 [lua] httper.lua:411: #a: ->pre_transitions[checking_cache]->read_cache
2013/11/27 10:17:29 [debug] 4709#0: *132 [lua] httper.lua:416: #t: checking_cache
2013/11/27 10:17:29 [debug] 4709#0: *132 [lua] httper.lua:426: #e: cache_missing
2013/11/27 10:17:29 [debug] 4709#0: *132 [lua] httper.lua:411: #a: ->pre_transitions[fetching]->fetch
2013/11/27 10:17:29 [notice] 4709#0: *132 "^/__httper_origin(.*)$" matches "/__httper_origin/joinus.html", client: 127.0.0.1, server: www.wiz.cn, request: "GET /joinus.html HTTP/1.1", subrequest: "/__httper_origin/joinus.html", host: "www.wiz.cn", referrer: "http://www.wiz.cn/support.html"
2013/11/27 10:17:29 [notice] 4709#0: *132 rewritten data: "/joinus.html", args: "", client: 127.0.0.1, server: www.wiz.cn, request: "GET /joinus.html HTTP/1.1", subrequest: "/__httper_origin/joinus.html", host: "www.wiz.cn", referrer: "http://www.wiz.cn/support.html"
2013/11/27 10:17:29 [warn] 4709#0: *132 [lua] httper.lua:509: fetch_from_origin(): no Date header from upstream, generating locally while sending to client, client: 127.0.0.1, server: www.wiz.cn, request: "GET /joinus.html HTTP/1.1", host: "www.wiz.cn", referrer: "http://www.wiz.cn/support.html"
2013/11/27 10:17:29 [debug] 4709#0: *132 [lua] httper.lua:411: #a: ->pre_transitions[fetching]->restore_client_validators
2013/11/27 10:17:29 [debug] 4709#0: *132 [lua] httper.lua:416: #t: fetching
2013/11/27 10:17:29 [debug] 4709#0: *132 [lua] httper.lua:426: #e: response_fetched
2013/11/27 10:17:29 [debug] 4709#0: *132 [lua] httper.lua:416: #t: updating_cache
2013/11/27 10:17:29 [debug] 4709#0: *132 [lua] httper.lua:426: #e: response_cacheable
2013/11/27 10:17:29 [debug] 4709#0: *132 [lua] httper.lua:447: #a: save_to_cache
2013/11/27 10:17:29 [debug] 4709#0: *132 [lua] httper.lua:416: #t: considering_local_revalidation
2013/11/27 10:17:29 [debug] 4709#0: *132 [lua] httper.lua:426: #e: no_validator_present
2013/11/27 10:17:29 [debug] 4709#0: *132 [lua] httper.lua:416: #t: preparing_response
2013/11/27 10:17:29 [debug] 4709#0: *132 [lua] httper.lua:426: #e: response_ready
2013/11/27 10:17:29 [debug] 4709#0: *132 [lua] httper.lua:447: #a: set_http_status_from_response
2013/11/27 10:17:29 [debug] 4709#0: *132 [lua] httper.lua:416: #t: serving
2013/11/27 10:17:29 [debug] 4709#0: *132 [lua] httper.lua:426: #e: served
2013/11/27 10:17:29 [debug] 4709#0: *132 [lua] httper.lua:411: #a: ->pre_transitions[exiting]->redis_close
2013/11/27 10:17:29 [debug] 4709#0: *132 [lua] httper.lua:416: #t: exiting
2013/11/27 10:17:29 [debug] 4709#0: *132 [lua] httper.lua:704: run(): httpcache run
2013/11/27 10:17:29 [debug] 4709#0: *132 [lua] httper.lua:426: e(): #e: init
2013/11/27 10:17:29 [debug] 4709#0: *132 [lua] httper.lua:416: #t: connecting_to_redis
2013/11/27 10:17:29 [debug] 4709#0: *132 [lua] httper.lua:426: #e: redis_connected
2013/11/27 10:17:29 [debug] 4709#0: *132 [lua] httper.lua:416: #t: checking_method
2013/11/27 10:17:29 [debug] 4709#0: *132 [lua] httper.lua:426: #e: cacheable_method
2013/11/27 10:17:29 [debug] 4709#0: *132 [lua] httper.lua:416: #t: checking_request
2013/11/27 10:17:29 [debug] 4709#0: *132 [lua] httper.lua:426: #e: cache_accepted
2013/11/27 10:17:29 [debug] 4709#0: *132 [lua] httper.lua:411: #a: ->pre_transitions[checking_cache]->read_cache
2013/11/27 10:17:29 [debug] 4709#0: *132 [lua] httper.lua:416: #t: checking_cache
2013/11/27 10:17:29 [debug] 4709#0: *132 [lua] httper.lua:426: #e: cache_missing
2013/11/27 10:17:29 [debug] 4709#0: *132 [lua] httper.lua:411: #a: ->pre_transitions[fetching]->fetch
2013/11/27 10:17:29 [notice] 4709#0: *132 "^/__httper_origin(.*)$" matches "/__httper_origin/assets/css/clear.css", client: 127.0.0.1, server: www.wiz.cn, request: "GET /assets/css/clear.css HTTP/1.1", subrequest: "/__httper_origin/assets/css/clear.css", host: "www.wiz.cn", referrer: "http://www.wiz.cn/joinus.html"
2013/11/27 10:17:29 [notice] 4709#0: *132 rewritten data: "/assets/css/clear.css", args: "", client: 127.0.0.1, server: www.wiz.cn, request: "GET /assets/css/clear.css HTTP/1.1", subrequest: "/__httper_origin/assets/css/clear.css", host: "www.wiz.cn", referrer: "http://www.wiz.cn/joinus.html"
2013/11/27 10:17:29 [debug] 4709#0: *135 [lua] httper.lua:704: run(): httpcache run
2013/11/27 10:17:29 [debug] 4709#0: *135 [lua] httper.lua:426: e(): #e: init
2013/11/27 10:17:29 [debug] 4709#0: *135 [lua] httper.lua:416: #t: connecting_to_redis
2013/11/27 10:17:29 [debug] 4709#0: *135 [lua] httper.lua:426: #e: redis_connected
2013/11/27 10:17:29 [debug] 4709#0: *135 [lua] httper.lua:416: #t: checking_method
2013/11/27 10:17:29 [debug] 4709#0: *135 [lua] httper.lua:426: #e: cacheable_method
2013/11/27 10:17:29 [debug] 4709#0: *135 [lua] httper.lua:416: #t: checking_request
2013/11/27 10:17:29 [debug] 4709#0: *135 [lua] httper.lua:426: #e: cache_accepted
2013/11/27 10:17:29 [debug] 4709#0: *135 [lua] httper.lua:411: #a: ->pre_transitions[checking_cache]->read_cache
2013/11/27 10:17:29 [debug] 4709#0: *136 [lua] httper.lua:704: run(): httpcache run
2013/11/27 10:17:29 [debug] 4709#0: *136 [lua] httper.lua:426: e(): #e: init
2013/11/27 10:17:29 [debug] 4709#0: *136 [lua] httper.lua:416: #t: connecting_to_redis
2013/11/27 10:17:29 [debug] 4709#0: *136 [lua] httper.lua:426: #e: redis_connected
2013/11/27 10:17:29 [debug] 4709#0: *136 [lua] httper.lua:416: #t: checking_method
2013/11/27 10:17:29 [debug] 4709#0: *136 [lua] httper.lua:426: #e: cacheable_method
2013/11/27 10:17:29 [debug] 4709#0: *136 [lua] httper.lua:416: #t: checking_request
2013/11/27 10:17:29 [debug] 4709#0: *136 [lua] httper.lua:426: #e: cache_accepted
2013/11/27 10:17:29 [debug] 4709#0: *136 [lua] httper.lua:411: #a: ->pre_transitions[checking_cache]->read_cache
2013/11/27 10:17:29 [debug] 4709#0: *137 [lua] httper.lua:704: run(): httpcache run
2013/11/27 10:17:29 [debug] 4709#0: *137 [lua] httper.lua:426: e(): #e: init
2013/11/27 10:17:29 [debug] 4709#0: *137 [lua] httper.lua:416: #t: connecting_to_redis
2013/11/27 10:17:29 [debug] 4709#0: *137 [lua] httper.lua:426: #e: redis_connected
2013/11/27 10:17:29 [debug] 4709#0: *137 [lua] httper.lua:416: #t: checking_method
2013/11/27 10:17:29 [debug] 4709#0: *137 [lua] httper.lua:426: #e: cacheable_method
2013/11/27 10:17:29 [debug] 4709#0: *137 [lua] httper.lua:416: #t: checking_request
2013/11/27 10:17:29 [debug] 4709#0: *137 [lua] httper.lua:426: #e: cache_accepted
2013/11/27 10:17:29 [debug] 4709#0: *137 [lua] httper.lua:411: #a: ->pre_transitions[checking_cache]->read_cache
2013/11/27 10:17:29 [debug] 4709#0: *138 [lua] httper.lua:704: run(): httpcache run
2013/11/27 10:17:29 [debug] 4709#0: *138 [lua] httper.lua:426: e(): #e: init
2013/11/27 10:17:29 [debug] 4709#0: *138 [lua] httper.lua:416: #t: connecting_to_redis
2013/11/27 10:17:29 [debug] 4709#0: *138 [lua] httper.lua:426: #e: redis_connected
2013/11/27 10:17:29 [debug] 4709#0: *138 [lua] httper.lua:416: #t: checking_method
2013/11/27 10:17:29 [debug] 4709#0: *138 [lua] httper.lua:426: #e: cacheable_method
2013/11/27 10:17:29 [debug] 4709#0: *138 [lua] httper.lua:416: #t: checking_request
2013/11/27 10:17:29 [debug] 4709#0: *138 [lua] httper.lua:426: #e: cache_accepted
2013/11/27 10:17:29 [debug] 4709#0: *138 [lua] httper.lua:411: #a: ->pre_transitions[checking_cache]->read_cache
2013/11/27 10:17:29 [debug] 4709#0: *138 [lua] httper.lua:416: #t: checking_cache
2013/11/27 10:17:29 [debug] 4709#0: *138 [lua] httper.lua:426: #e: cache_missing
2013/11/27 10:17:29 [debug] 4709#0: *138 [lua] httper.lua:411: #a: ->pre_transitions[fetching]->fetch
2013/11/27 10:17:29 [notice] 4709#0: *138 "^/__httper_origin(.*)$" matches "/__httper_origin/assets/img/joinus-location.jpg", client: 127.0.0.1, server: www.wiz.cn, request: "GET /assets/img/joinus-location.jpg HTTP/1.1", subrequest: "/__httper_origin/assets/img/joinus-location.jpg", host: "www.wiz.cn", referrer: "http://www.wiz.cn/joinus.html"
2013/11/27 10:17:29 [notice] 4709#0: *138 rewritten data: "/assets/img/joinus-location.jpg", args: "", client: 127.0.0.1, server: www.wiz.cn, request: "GET /assets/img/joinus-location.jpg HTTP/1.1", subrequest: "/__httper_origin/assets/img/joinus-location.jpg", host: "www.wiz.cn", referrer: "http://www.wiz.cn/joinus.html"
2013/11/27 10:17:29 [debug] 4709#0: *137 [lua] httper.lua:416: #t: checking_cache
2013/11/27 10:17:29 [debug] 4709#0: *137 [lua] httper.lua:426: #e: cache_missing
2013/11/27 10:17:29 [debug] 4709#0: *137 [lua] httper.lua:411: #a: ->pre_transitions[fetching]->fetch
2013/11/27 10:17:29 [notice] 4709#0: *137 "^/__httper_origin(.*)$" matches "/__httper_origin/assets/img/joinus-2.jpg", client: 127.0.0.1, server: www.wiz.cn, request: "GET /assets/img/joinus-2.jpg HTTP/1.1", subrequest: "/__httper_origin/assets/img/joinus-2.jpg", host: "www.wiz.cn", referrer: "http://www.wiz.cn/joinus.html"
2013/11/27 10:17:29 [notice] 4709#0: *137 rewritten data: "/assets/img/joinus-2.jpg", args: "", client: 127.0.0.1, server: www.wiz.cn, request: "GET /assets/img/joinus-2.jpg HTTP/1.1", subrequest: "/__httper_origin/assets/img/joinus-2.jpg", host: "www.wiz.cn", referrer: "http://www.wiz.cn/joinus.html"
2013/11/27 10:17:29 [debug] 4709#0: *136 [lua] httper.lua:416: #t: checking_cache
2013/11/27 10:17:29 [debug] 4709#0: *136 [lua] httper.lua:426: #e: cache_missing
2013/11/27 10:17:29 [debug] 4709#0: *136 [lua] httper.lua:411: #a: ->pre_transitions[fetching]->fetch
2013/11/27 10:17:29 [notice] 4709#0: *136 "^/__httper_origin(.*)$" matches "/__httper_origin/assets/img/joinus-1.jpg", client: 127.0.0.1, server: www.wiz.cn, request: "GET /assets/img/joinus-1.jpg HTTP/1.1", subrequest: "/__httper_origin/assets/img/joinus-1.jpg", host: "www.wiz.cn", referrer: "http://www.wiz.cn/joinus.html"
2013/11/27 10:17:29 [notice] 4709#0: *136 rewritten data: "/assets/img/joinus-1.jpg", args: "", client: 127.0.0.1, server: www.wiz.cn, request: "GET /assets/img/joinus-1.jpg HTTP/1.1", subrequest: "/__httper_origin/assets/img/joinus-1.jpg", host: "www.wiz.cn", referrer: "http://www.wiz.cn/joinus.html"
2013/11/27 10:17:29 [debug] 4709#0: *135 [lua] httper.lua:416: #t: checking_cache
2013/11/27 10:17:29 [debug] 4709#0: *135 [lua] httper.lua:426: #e: cache_missing
2013/11/27 10:17:29 [debug] 4709#0: *135 [lua] httper.lua:411: #a: ->pre_transitions[fetching]->fetch
2013/11/27 10:17:29 [notice] 4709#0: *135 "^/__httper_origin(.*)$" matches "/__httper_origin/assets/img/logo.png", client: 127.0.0.1, server: www.wiz.cn, request: "GET /assets/img/logo.png HTTP/1.1", subrequest: "/__httper_origin/assets/img/logo.png", host: "www.wiz.cn", referrer: "http://www.wiz.cn/joinus.html"
2013/11/27 10:17:29 [notice] 4709#0: *135 rewritten data: "/assets/img/logo.png", args: "", client: 127.0.0.1, server: www.wiz.cn, request: "GET /assets/img/logo.png HTTP/1.1", subrequest: "/__httper_origin/assets/img/logo.png", host: "www.wiz.cn", referrer: "http://www.wiz.cn/joinus.html"
2013/11/27 10:17:29 [warn] 4709#0: *132 [lua] httper.lua:509: fetch_from_origin(): no Date header from upstream, generating locally while sending to client, client: 127.0.0.1, server: www.wiz.cn, request: "GET /assets/css/clear.css HTTP/1.1", host: "www.wiz.cn", referrer: "http://www.wiz.cn/joinus.html"
2013/11/27 10:17:29 [debug] 4709#0: *132 [lua] httper.lua:411: #a: ->pre_transitions[fetching]->restore_client_validators
2013/11/27 10:17:29 [debug] 4709#0: *132 [lua] httper.lua:416: #t: fetching
2013/11/27 10:17:29 [debug] 4709#0: *132 [lua] httper.lua:426: #e: response_fetched
2013/11/27 10:17:29 [debug] 4709#0: *132 [lua] httper.lua:416: #t: updating_cache
2013/11/27 10:17:29 [debug] 4709#0: *132 [lua] httper.lua:426: #e: response_cacheable
2013/11/27 10:17:29 [debug] 4709#0: *132 [lua] httper.lua:447: #a: save_to_cache
2013/11/27 10:17:29 [debug] 4709#0: *132 [lua] httper.lua:416: #t: considering_local_revalidation
2013/11/27 10:17:29 [debug] 4709#0: *132 [lua] httper.lua:426: #e: no_validator_present
2013/11/27 10:17:29 [debug] 4709#0: *132 [lua] httper.lua:416: #t: preparing_response
2013/11/27 10:17:29 [debug] 4709#0: *132 [lua] httper.lua:426: #e: response_ready
2013/11/27 10:17:29 [debug] 4709#0: *132 [lua] httper.lua:447: #a: set_http_status_from_response
2013/11/27 10:17:29 [debug] 4709#0: *132 [lua] httper.lua:416: #t: serving
2013/11/27 10:17:29 [debug] 4709#0: *132 [lua] httper.lua:426: #e: served
2013/11/27 10:17:29 [debug] 4709#0: *132 [lua] httper.lua:411: #a: ->pre_transitions[exiting]->redis_close
2013/11/27 10:17:29 [debug] 4709#0: *132 [lua] httper.lua:416: #t: exiting
2013/11/27 10:17:29 [debug] 4709#0: *132 [lua] httper.lua:704: run(): httpcache run
2013/11/27 10:17:29 [debug] 4709#0: *132 [lua] httper.lua:426: e(): #e: init
2013/11/27 10:17:29 [debug] 4709#0: *132 [lua] httper.lua:416: #t: connecting_to_redis
2013/11/27 10:17:29 [debug] 4709#0: *132 [lua] httper.lua:426: #e: redis_connected
2013/11/27 10:17:29 [debug] 4709#0: *132 [lua] httper.lua:416: #t: checking_method
2013/11/27 10:17:29 [debug] 4709#0: *132 [lua] httper.lua:426: #e: cacheable_method
2013/11/27 10:17:29 [debug] 4709#0: *132 [lua] httper.lua:416: #t: checking_request
2013/11/27 10:17:29 [debug] 4709#0: *132 [lua] httper.lua:426: #e: cache_accepted
2013/11/27 10:17:29 [debug] 4709#0: *132 [lua] httper.lua:411: #a: ->pre_transitions[checking_cache]->read_cache
2013/11/27 10:17:29 [debug] 4709#0: *132 [lua] httper.lua:416: #t: checking_cache
2013/11/27 10:17:29 [debug] 4709#0: *132 [lua] httper.lua:426: #e: cache_missing
2013/11/27 10:17:29 [debug] 4709#0: *132 [lua] httper.lua:411: #a: ->pre_transitions[fetching]->fetch
2013/11/27 10:17:29 [notice] 4709#0: *132 "^/__httper_origin(.*)$" matches "/__httper_origin/assets/css/tmpl.css", client: 127.0.0.1, server: www.wiz.cn, request: "GET /assets/css/tmpl.css HTTP/1.1", subrequest: "/__httper_origin/assets/css/tmpl.css", host: "www.wiz.cn", referrer: "http://www.wiz.cn/joinus.html"
2013/11/27 10:17:29 [notice] 4709#0: *132 rewritten data: "/assets/css/tmpl.css", args: "", client: 127.0.0.1, server: www.wiz.cn, request: "GET /assets/css/tmpl.css HTTP/1.1", subrequest: "/__httper_origin/assets/css/tmpl.css", host: "www.wiz.cn", referrer: "http://www.wiz.cn/joinus.html"
2013/11/27 10:17:29 [warn] 4709#0: *135 [lua] httper.lua:509: fetch_from_origin(): no Date header from upstream, generating locally while sending to client, client: 127.0.0.1, server: www.wiz.cn, request: "GET /assets/img/logo.png HTTP/1.1", host: "www.wiz.cn", referrer: "http://www.wiz.cn/joinus.html"
2013/11/27 10:17:29 [debug] 4709#0: *135 [lua] httper.lua:411: #a: ->pre_transitions[fetching]->restore_client_validators
2013/11/27 10:17:29 [debug] 4709#0: *135 [lua] httper.lua:416: #t: fetching
2013/11/27 10:17:29 [debug] 4709#0: *135 [lua] httper.lua:426: #e: response_fetched
2013/11/27 10:17:29 [debug] 4709#0: *135 [lua] httper.lua:416: #t: updating_cache
2013/11/27 10:17:29 [debug] 4709#0: *135 [lua] httper.lua:426: #e: response_cacheable
2013/11/27 10:17:29 [debug] 4709#0: *135 [lua] httper.lua:447: #a: save_to_cache
2013/11/27 10:17:29 [debug] 4709#0: *135 [lua] httper.lua:416: #t: considering_local_revalidation
2013/11/27 10:17:29 [debug] 4709#0: *135 [lua] httper.lua:426: #e: no_validator_present
2013/11/27 10:17:29 [debug] 4709#0: *135 [lua] httper.lua:416: #t: preparing_response
2013/11/27 10:17:29 [debug] 4709#0: *135 [lua] httper.lua:426: #e: response_ready
2013/11/27 10:17:29 [debug] 4709#0: *135 [lua] httper.lua:447: #a: set_http_status_from_response
2013/11/27 10:17:29 [debug] 4709#0: *135 [lua] httper.lua:416: #t: serving
2013/11/27 10:17:29 [debug] 4709#0: *135 [lua] httper.lua:426: #e: served
2013/11/27 10:17:29 [debug] 4709#0: *135 [lua] httper.lua:411: #a: ->pre_transitions[exiting]->redis_close
2013/11/27 10:17:29 [debug] 4709#0: *135 [lua] httper.lua:416: #t: exiting
2013/11/27 10:17:29 [warn] 4709#0: *137 [lua] httper.lua:509: fetch_from_origin(): no Date header from upstream, generating locally while sending to client, client: 127.0.0.1, server: www.wiz.cn, request: "GET /assets/img/joinus-2.jpg HTTP/1.1", host: "www.wiz.cn", referrer: "http://www.wiz.cn/joinus.html"
2013/11/27 10:17:29 [debug] 4709#0: *137 [lua] httper.lua:411: #a: ->pre_transitions[fetching]->restore_client_validators
2013/11/27 10:17:29 [debug] 4709#0: *137 [lua] httper.lua:416: #t: fetching
2013/11/27 10:17:29 [debug] 4709#0: *137 [lua] httper.lua:426: #e: response_fetched
2013/11/27 10:17:29 [debug] 4709#0: *137 [lua] httper.lua:416: #t: updating_cache
2013/11/27 10:17:29 [debug] 4709#0: *137 [lua] httper.lua:426: #e: response_cacheable
2013/11/27 10:17:29 [debug] 4709#0: *137 [lua] httper.lua:447: #a: save_to_cache
2013/11/27 10:17:29 [debug] 4709#0: *137 [lua] httper.lua:416: #t: considering_local_revalidation
2013/11/27 10:17:29 [debug] 4709#0: *137 [lua] httper.lua:426: #e: no_validator_present
2013/11/27 10:17:29 [debug] 4709#0: *137 [lua] httper.lua:416: #t: preparing_response
2013/11/27 10:17:29 [debug] 4709#0: *137 [lua] httper.lua:426: #e: response_ready
2013/11/27 10:17:29 [debug] 4709#0: *137 [lua] httper.lua:447: #a: set_http_status_from_response
2013/11/27 10:17:29 [debug] 4709#0: *137 [lua] httper.lua:416: #t: serving
2013/11/27 10:17:29 [debug] 4709#0: *137 [lua] httper.lua:426: #e: served
2013/11/27 10:17:29 [debug] 4709#0: *137 [lua] httper.lua:411: #a: ->pre_transitions[exiting]->redis_close
2013/11/27 10:17:29 [debug] 4709#0: *137 [lua] httper.lua:416: #t: exiting
2013/11/27 10:17:29 [warn] 4709#0: *132 [lua] httper.lua:509: fetch_from_origin(): no Date header from upstream, generating locally while sending to client, client: 127.0.0.1, server: www.wiz.cn, request: "GET /assets/css/tmpl.css HTTP/1.1", host: "www.wiz.cn", referrer: "http://www.wiz.cn/joinus.html"
2013/11/27 10:17:29 [debug] 4709#0: *132 [lua] httper.lua:411: #a: ->pre_transitions[fetching]->restore_client_validators
2013/11/27 10:17:29 [debug] 4709#0: *132 [lua] httper.lua:416: #t: fetching
2013/11/27 10:17:29 [debug] 4709#0: *132 [lua] httper.lua:426: #e: response_fetched
2013/11/27 10:17:29 [debug] 4709#0: *132 [lua] httper.lua:416: #t: updating_cache
2013/11/27 10:17:29 [debug] 4709#0: *132 [lua] httper.lua:426: #e: response_cacheable
2013/11/27 10:17:29 [debug] 4709#0: *132 [lua] httper.lua:447: #a: save_to_cache
2013/11/27 10:17:29 [warn] 4709#0: *138 [lua] httper.lua:509: fetch_from_origin(): no Date header from upstream, generating locally while sending to client, client: 127.0.0.1, server: www.wiz.cn, request: "GET /assets/img/joinus-location.jpg HTTP/1.1", host: "www.wiz.cn", referrer: "http://www.wiz.cn/joinus.html"
2013/11/27 10:17:29 [debug] 4709#0: *138 [lua] httper.lua:411: #a: ->pre_transitions[fetching]->restore_client_validators
2013/11/27 10:17:29 [debug] 4709#0: *138 [lua] httper.lua:416: #t: fetching
2013/11/27 10:17:29 [debug] 4709#0: *138 [lua] httper.lua:426: #e: response_fetched
2013/11/27 10:17:29 [debug] 4709#0: *138 [lua] httper.lua:416: #t: updating_cache
2013/11/27 10:17:29 [debug] 4709#0: *138 [lua] httper.lua:426: #e: response_cacheable
2013/11/27 10:17:29 [debug] 4709#0: *138 [lua] httper.lua:447: #a: save_to_cache
2013/11/27 10:17:29 [debug] 4709#0: *132 [lua] httper.lua:416: #t: considering_local_revalidation
2013/11/27 10:17:29 [debug] 4709#0: *132 [lua] httper.lua:426: #e: no_validator_present
2013/11/27 10:17:29 [debug] 4709#0: *132 [lua] httper.lua:416: #t: preparing_response
2013/11/27 10:17:29 [debug] 4709#0: *132 [lua] httper.lua:426: #e: response_ready
2013/11/27 10:17:29 [debug] 4709#0: *132 [lua] httper.lua:447: #a: set_http_status_from_response
2013/11/27 10:17:29 [debug] 4709#0: *132 [lua] httper.lua:416: #t: serving
2013/11/27 10:17:29 [debug] 4709#0: *132 [lua] httper.lua:426: #e: served
2013/11/27 10:17:29 [debug] 4709#0: *132 [lua] httper.lua:411: #a: ->pre_transitions[exiting]->redis_close
2013/11/27 10:17:29 [debug] 4709#0: *132 [lua] httper.lua:416: #t: exiting
2013/11/27 10:17:29 [debug] 4709#0: *132 [lua] httper.lua:704: run(): httpcache run
2013/11/27 10:17:29 [debug] 4709#0: *132 [lua] httper.lua:426: e(): #e: init
2013/11/27 10:17:29 [debug] 4709#0: *132 [lua] httper.lua:416: #t: connecting_to_redis
2013/11/27 10:17:29 [debug] 4709#0: *132 [lua] httper.lua:426: #e: redis_connected
2013/11/27 10:17:29 [debug] 4709#0: *132 [lua] httper.lua:416: #t: checking_method
2013/11/27 10:17:29 [debug] 4709#0: *132 [lua] httper.lua:426: #e: cacheable_method
2013/11/27 10:17:29 [debug] 4709#0: *132 [lua] httper.lua:416: #t: checking_request
2013/11/27 10:17:29 [debug] 4709#0: *132 [lua] httper.lua:426: #e: cache_accepted
2013/11/27 10:17:29 [debug] 4709#0: *132 [lua] httper.lua:411: #a: ->pre_transitions[checking_cache]->read_cache
2013/11/27 10:17:29 [debug] 4709#0: *132 [lua] httper.lua:416: #t: checking_cache
2013/11/27 10:17:29 [debug] 4709#0: *132 [lua] httper.lua:426: #e: cache_missing
2013/11/27 10:17:29 [debug] 4709#0: *132 [lua] httper.lua:411: #a: ->pre_transitions[fetching]->fetch
2013/11/27 10:17:29 [notice] 4709#0: *132 "^/__httper_origin(.*)$" matches "/__httper_origin/assets/css/media-queries.css", client: 127.0.0.1, server: www.wiz.cn, request: "GET /assets/css/media-queries.css HTTP/1.1", subrequest: "/__httper_origin/assets/css/media-queries.css", host: "www.wiz.cn", referrer: "http://www.wiz.cn/joinus.html"
2013/11/27 10:17:29 [notice] 4709#0: *132 rewritten data: "/assets/css/media-queries.css", args: "", client: 127.0.0.1, server: www.wiz.cn, request: "GET /assets/css/media-queries.css HTTP/1.1", subrequest: "/__httper_origin/assets/css/media-queries.css", host: "www.wiz.cn", referrer: "http://www.wiz.cn/joinus.html"
2013/11/27 10:17:29 [debug] 4709#0: *138 [lua] httper.lua:416: #t: considering_local_revalidation
2013/11/27 10:17:29 [debug] 4709#0: *138 [lua] httper.lua:426: #e: no_validator_present
2013/11/27 10:17:29 [debug] 4709#0: *138 [lua] httper.lua:416: #t: preparing_response
2013/11/27 10:17:29 [debug] 4709#0: *138 [lua] httper.lua:426: #e: response_ready
2013/11/27 10:17:29 [debug] 4709#0: *138 [lua] httper.lua:447: #a: set_http_status_from_response
2013/11/27 10:17:29 [debug] 4709#0: *138 [lua] httper.lua:416: #t: serving
2013/11/27 10:17:29 [debug] 4709#0: *138 [lua] httper.lua:426: #e: served
2013/11/27 10:17:29 [debug] 4709#0: *138 [lua] httper.lua:411: #a: ->pre_transitions[exiting]->redis_close
2013/11/27 10:17:29 [debug] 4709#0: *138 [lua] httper.lua:416: #t: exiting
2013/11/27 10:17:29 [warn] 4709#0: *136 [lua] httper.lua:509: fetch_from_origin(): no Date header from upstream, generating locally while sending to client, client: 127.0.0.1, server: www.wiz.cn, request: "GET /assets/img/joinus-1.jpg HTTP/1.1", host: "www.wiz.cn", referrer: "http://www.wiz.cn/joinus.html"
2013/11/27 10:17:29 [debug] 4709#0: *136 [lua] httper.lua:411: #a: ->pre_transitions[fetching]->restore_client_validators
2013/11/27 10:17:29 [debug] 4709#0: *136 [lua] httper.lua:416: #t: fetching
2013/11/27 10:17:29 [debug] 4709#0: *136 [lua] httper.lua:426: #e: response_fetched
2013/11/27 10:17:29 [debug] 4709#0: *136 [lua] httper.lua:416: #t: updating_cache
2013/11/27 10:17:29 [debug] 4709#0: *136 [lua] httper.lua:426: #e: response_cacheable
2013/11/27 10:17:29 [debug] 4709#0: *136 [lua] httper.lua:447: #a: save_to_cache
2013/11/27 10:17:29 [debug] 4709#0: *136 [lua] httper.lua:416: #t: considering_local_revalidation
2013/11/27 10:17:29 [debug] 4709#0: *136 [lua] httper.lua:426: #e: no_validator_present
2013/11/27 10:17:29 [debug] 4709#0: *136 [lua] httper.lua:416: #t: preparing_response
2013/11/27 10:17:29 [debug] 4709#0: *136 [lua] httper.lua:426: #e: response_ready
2013/11/27 10:17:29 [debug] 4709#0: *136 [lua] httper.lua:447: #a: set_http_status_from_response
2013/11/27 10:17:29 [debug] 4709#0: *136 [lua] httper.lua:416: #t: serving
2013/11/27 10:17:29 [debug] 4709#0: *136 [lua] httper.lua:426: #e: served
2013/11/27 10:17:29 [debug] 4709#0: *136 [lua] httper.lua:411: #a: ->pre_transitions[exiting]->redis_close
2013/11/27 10:17:29 [debug] 4709#0: *136 [lua] httper.lua:416: #t: exiting
2013/11/27 10:17:29 [warn] 4709#0: *132 [lua] httper.lua:509: fetch_from_origin(): no Date header from upstream, generating locally while sending to client, client: 127.0.0.1, server: www.wiz.cn, request: "GET /assets/css/media-queries.css HTTP/1.1", host: "www.wiz.cn", referrer: "http://www.wiz.cn/joinus.html"
2013/11/27 10:17:29 [debug] 4709#0: *132 [lua] httper.lua:411: #a: ->pre_transitions[fetching]->restore_client_validators
2013/11/27 10:17:29 [debug] 4709#0: *132 [lua] httper.lua:416: #t: fetching
2013/11/27 10:17:29 [debug] 4709#0: *132 [lua] httper.lua:426: #e: response_fetched
2013/11/27 10:17:29 [debug] 4709#0: *132 [lua] httper.lua:416: #t: updating_cache
2013/11/27 10:17:29 [debug] 4709#0: *132 [lua] httper.lua:426: #e: response_cacheable
2013/11/27 10:17:29 [debug] 4709#0: *132 [lua] httper.lua:447: #a: save_to_cache
2013/11/27 10:17:29 [debug] 4709#0: *132 [lua] httper.lua:416: #t: considering_local_revalidation
2013/11/27 10:17:29 [debug] 4709#0: *132 [lua] httper.lua:426: #e: no_validator_present
2013/11/27 10:17:29 [debug] 4709#0: *132 [lua] httper.lua:416: #t: preparing_response
2013/11/27 10:17:29 [debug] 4709#0: *132 [lua] httper.lua:426: #e: response_ready
2013/11/27 10:17:29 [debug] 4709#0: *132 [lua] httper.lua:447: #a: set_http_status_from_response
2013/11/27 10:17:29 [debug] 4709#0: *132 [lua] httper.lua:416: #t: serving
2013/11/27 10:17:29 [debug] 4709#0: *132 [lua] httper.lua:426: #e: served
2013/11/27 10:17:29 [debug] 4709#0: *132 [lua] httper.lua:411: #a: ->pre_transitions[exiting]->redis_close
2013/11/27 10:17:29 [debug] 4709#0: *132 [lua] httper.lua:416: #t: exiting



